<?xml version="1.0" encoding="UTF-8"?>
<!-- Generated by org.testng.reporters.JUnitReportReporter -->
<testsuite skipped="0" hostname="LAPTOP-91GRH22P" name="framework.appium.appiumTest" tests="1" failures="0" timestamp="2021-02-01T21:21:45 IST" time="70.529" errors="0">
  <testcase name="TestCart" time="70.529" classname="framework.appium.appiumTest"/>
  <system-out/>
</testsuite> <!-- framework.appium.appiumTest -->
